[4.559s] Invoking command in '/home/akash/Desktop/ros2/workspace/src/dustbin': PYTHONPATH=/home/akash/Desktop/ros2/workspace/build/dustbin/prefix_override:/home/akash/Desktop/ros2/workspace/install/dustbin/lib/python3.11/site-packages:${PYTHONPATH} /usr/bin/python3 setup.py egg_info --egg-base ../../build/dustbin build --build-base /home/akash/Desktop/ros2/workspace/build/dustbin/build install --record /home/akash/Desktop/ros2/workspace/build/dustbin/install.log --single-version-externally-managed
[5.948s] running egg_info
[5.952s] creating ../../build/dustbin/dustbin.egg-info
[6.020s] writing ../../build/dustbin/dustbin.egg-info/PKG-INFO
[6.020s] writing dependency_links to ../../build/dustbin/dustbin.egg-info/dependency_links.txt
[6.022s] writing requirements to ../../build/dustbin/dustbin.egg-info/requires.txt
[6.022s] writing top-level names to ../../build/dustbin/dustbin.egg-info/top_level.txt
[6.023s] writing manifest file '../../build/dustbin/dustbin.egg-info/SOURCES.txt'
[6.161s] reading manifest file '../../build/dustbin/dustbin.egg-info/SOURCES.txt'
[6.164s] writing manifest file '../../build/dustbin/dustbin.egg-info/SOURCES.txt'
[6.164s] running build
[6.166s] running build_py
[6.167s] creating /home/akash/Desktop/ros2/workspace/build/dustbin/build
[6.167s] creating /home/akash/Desktop/ros2/workspace/build/dustbin/build/lib
[6.167s] creating /home/akash/Desktop/ros2/workspace/build/dustbin/build/lib/dustbin
[6.168s] copying dustbin/__init__.py -> /home/akash/Desktop/ros2/workspace/build/dustbin/build/lib/dustbin
[6.168s] running install
[6.168s] /usr/lib/python3/dist-packages/setuptools/command/install.py:34: SetuptoolsDeprecationWarning: setup.py install is deprecated. Use build and pip and other standards-based tools.
[6.169s]   warnings.warn(
[6.189s] running install_lib
[6.258s] creating /home/akash/Desktop/ros2/workspace/install/dustbin/lib/python3.11/site-packages/dustbin
[6.258s] copying /home/akash/Desktop/ros2/workspace/build/dustbin/build/lib/dustbin/__init__.py -> /home/akash/Desktop/ros2/workspace/install/dustbin/lib/python3.11/site-packages/dustbin
[6.260s] byte-compiling /home/akash/Desktop/ros2/workspace/install/dustbin/lib/python3.11/site-packages/dustbin/__init__.py to __init__.cpython-311.pyc
[6.261s] running install_data
[6.330s] creating /home/akash/Desktop/ros2/workspace/install/dustbin/share/ament_index
[6.330s] creating /home/akash/Desktop/ros2/workspace/install/dustbin/share/ament_index/resource_index
[6.330s] creating /home/akash/Desktop/ros2/workspace/install/dustbin/share/ament_index/resource_index/packages
[6.331s] copying resource/dustbin -> /home/akash/Desktop/ros2/workspace/install/dustbin/share/ament_index/resource_index/packages
[6.331s] copying package.xml -> /home/akash/Desktop/ros2/workspace/install/dustbin/share/dustbin
[6.331s] running install_egg_info
[6.403s] Copying ../../build/dustbin/dustbin.egg-info to /home/akash/Desktop/ros2/workspace/install/dustbin/lib/python3.11/site-packages/dustbin-0.0.0-py3.11.egg-info
[6.406s] running install_scripts
[6.672s] writing list of installed files to '/home/akash/Desktop/ros2/workspace/build/dustbin/install.log'
[6.912s] Invoked command in '/home/akash/Desktop/ros2/workspace/src/dustbin' returned '0': PYTHONPATH=/home/akash/Desktop/ros2/workspace/build/dustbin/prefix_override:/home/akash/Desktop/ros2/workspace/install/dustbin/lib/python3.11/site-packages:${PYTHONPATH} /usr/bin/python3 setup.py egg_info --egg-base ../../build/dustbin build --build-base /home/akash/Desktop/ros2/workspace/build/dustbin/build install --record /home/akash/Desktop/ros2/workspace/build/dustbin/install.log --single-version-externally-managed
